
PROBLEM    tcp
SUT        bash
ALG        Learn
TYPE       _epsilon

The number 1 test suite

../../new_total_cover/bash.cov
../../new_total_cover/bash.time
test cases number: 1059
code lines:        6179

rate 2.08616e-07
rate 0.300792
rate 0.444846
rate 0.510942
rate 0.555878
rate 0.606075
rate 0.612807
rate 0.62531
rate 0.636098
rate 0.636098
rate 0.637494
rate 0.641945
rate 0.675157
rate 0.702292
rate 0.730943
rate 0.751747
rate 0.756033
rate 0.768602
rate 0.781131
rate 0.779469
rate 0.774629
rate 0.779668
rate 0.783644
rate 0.779513
rate 0.785544
rate 0.791094
rate 0.792829
rate 0.790121
rate 0.793856
rate 0.785053
rate 0.779425
rate 0.767548
rate 0.751751
rate 0.745086
rate 0.734524
rate 0.710906
rate 0.659967
rate 0.631788
rate 0.637477
rate 0.654004
rate 0.667551
rate 0.688679
rate 0.710714
rate 0.726696
rate 0.721954
rate 0.680441
rate 0.676537
rate 0.695155
rate 0.712487
rate 0.717359
rate 0.718451
rate 0.708337
rate 0.70535
rate 0.709661
rate 0.71406
rate 0.71447
rate 0.700834
rate 0.673973
rate 0.678337
rate 0.697186
rate 0.720143
rate 0.724695
rate 0.735518
rate 0.731126
rate 0.705681
rate 0.720042
rate 0.734722
rate 0.731807
rate 0.712365
rate 0.714866
rate 0.714412
rate 0.733255
rate 0.742372
rate 0.72584
rate 0.728265
rate 0.723625
rate 0.690863
rate 0.684065
rate 0.706911
rate 0.704943
rate 0.776189
rate 0.796241
rate 0.797469
rate 0.784378
rate 0.764008
rate 0.762603
rate 0.767055
rate 0.764676
rate 0.769895
rate 0.772443
rate 0.785441
rate 0.789603
rate 0.78823
rate 0.783854
rate 0.775439
rate 0.781324
rate 0.787286
rate 0.791656
rate 0.797968
rate 0.796726
rate 0.796786
rate 0.796817
rate 0.798289
rate 0.786009
rate 0.773276
rate 0.768505
rate 0.771444
rate 0.767072
rate 0.770585
rate 0.771049
rate 0.771596
rate 0.776789
rate 0.782845
rate 0.774249
rate 0.77828
rate 0.786738
rate 0.78997
rate 0.786982
rate 0.783657
rate 0.771277
rate 0.767392
rate 0.770026
rate 0.768614
rate 0.773219
rate 0.78289
rate 0.78477
rate 0.783188
rate 0.780898
rate 0.78215
rate 0.78339
rate 0.783728
rate 0.78551
rate 0.789283
rate 0.787323
rate 0.78715
rate 0.786871
rate 0.78832
rate 0.786433
rate 0.79153
rate 0.78726
rate 0.789673
rate 0.792364
rate 0.790484
rate 0.789805
rate 0.782248
rate 0.767906
rate 0.761692
rate 0.750062
rate 0.740814
rate 0.73846
rate 0.732266
rate 0.730775
rate 0.73711
rate 0.742661
rate 0.755014
rate 0.756609
rate 0.735536
rate 0.739835
rate 0.735287
rate 0.724106
rate 0.730112
rate 0.740882
rate 0.723687
rate 0.702158
rate 0.696385
rate 0.707659
rate 0.711807
rate 0.731966
rate 0.741621
rate 0.748685
rate 0.746138
rate 0.746535
rate 0.7538
rate 0.74758
rate 0.74713
rate 0.75187
rate 0.758741
rate 0.753964
rate 0.753278
rate 0.741357
rate 0.748236
rate 0.755174
rate 0.75586
rate 0.751463
rate 0.752027
rate 0.752309
rate 0.744578
rate 0.735675
rate 0.741811
rate 0.755821
rate 0.760589
rate 0.765979
rate 0.768692
rate 0.756563
rate 0.760785
rate 0.763115
rate 0.768418
rate 0.769576
rate 0.75481
rate 0.758405
rate 0.772146
rate 0.777632
rate 0.770948
rate 0.757853
rate 0.749465
rate 0.755227
rate 0.725962
rate 0.734029
rate 0.755951
rate 0.753654
rate 0.74396
rate 0.764629
rate 0.765205
rate 0.763824
rate 0.769301
rate 0.76385
rate 0.759681
rate 0.755538
rate 0.749003
rate 0.749777
rate 0.746251
rate 0.748405
rate 0.753326
rate 0.775072
rate 0.782819
rate 0.781579
rate 0.783195
rate 0.783549
rate 0.781274
rate 0.772853
rate 0.773192
rate 0.770716
rate 0.768045
rate 0.769491
rate 0.773319
rate 0.777173
rate 0.779281
rate 0.784692
rate 0.791843
rate 0.794613
rate 0.794637
rate 0.799924
rate 0.79688
rate 0.800528
rate 0.797589
rate 0.800836
rate 0.802826
rate 0.805342
rate 0.808323
rate 0.808496
rate 0.811845
rate 0.815465
rate 0.819217
rate 0.822853
rate 0.822927
rate 0.820766
rate 0.811217
rate 0.807736
rate 0.796427
rate 0.791456
rate 0.793892
rate 0.801048
rate 0.802844
rate 0.796456
rate 0.797337
rate 0.799365
rate 0.797735
rate 0.803925
rate 0.803085
rate 0.799743
rate 0.799345
rate 0.798377
rate 0.797291
rate 0.795857
rate 0.789426
rate 0.786619
rate 0.787318
rate 0.793516
rate 0.788064
rate 0.784957
rate 0.772893
rate 0.768029
rate 0.773725
rate 0.782947
rate 0.78388
rate 0.785745
rate 0.77808
rate 0.771292
rate 0.773283
rate 0.77333
rate 0.777797
rate 0.78256
rate 0.768971
rate 0.75439
rate 0.753493
rate 0.749355
rate 0.760256
rate 0.756718
rate 0.764749
rate 0.759032
rate 0.760857
rate 0.77219
rate 0.783304
rate 0.788457
rate 0.791279
rate 0.797857
rate 0.799774
rate 0.801745
rate 0.808424
rate 0.806354
rate 0.808441
rate 0.799869
rate 0.802469
rate 0.796309
rate 0.801383
rate 0.800134
rate 0.802175
rate 0.802388
rate 0.800101
rate 0.789327
rate 0.784129
rate 0.798568
rate 0.803766
rate 0.80167
rate 0.799964
rate 0.794143
rate 0.793586
rate 0.806853
rate 0.807707
rate 0.806418
rate 0.817921
rate 0.818365
rate 0.820422
rate 0.821987
rate 0.826083
rate 0.828461
rate 0.830946
rate 0.834204
rate 0.840055
rate 0.833393
rate 0.836902
rate 0.838572
rate 0.840458
rate 0.840461
rate 0.841623
rate 0.845304
rate 0.845591
rate 0.850018
rate 0.854947
rate 0.848013
rate 0.847985
rate 0.855134
rate 0.86253
rate 0.860723
rate 0.864129
rate 0.865971
rate 0.864317
rate 0.846882
rate 0.776713
rate 0.721606
rate 0.70953
rate 0.705874
rate 0.691232
rate 0.693655
rate 0.698767
rate 0.691614
rate 0.652401
rate 0.610531
rate 0.601745
rate 0.607964
rate 0.613997
rate 0.624546
rate 0.603286
rate 0.629056
rate 0.65104
rate 0.638819
rate 0.610785
rate 0.581148
rate 0.559777
rate 0.550011
rate 0.539114
rate 0.527598
rate 0.518781
rate 0.522189
rate 0.515673
rate 0.515159
rate 0.521484
rate 0.473526
rate 0.438592
rate 0.418395
rate 0.422376
rate 0.420425
rate 0.439053
rate 0.437903
rate 0.613469
rate 0.73594
rate 0.785254
rate 0.797985
rate 0.739871
rate 0.660033
rate 0.649558
rate 0.645652
rate 0.632223
rate 0.617932
rate 0.60293
rate 0.59442
rate 0.602286
rate 0.611123
rate 0.610957
rate 0.615997
rate 0.61968
rate 0.615206
rate 0.588788
rate 0.563391
rate 0.57161
rate 0.567812
rate 0.570361
rate 0.554422
rate 0.555859
rate 0.552536
rate 0.525902
rate 0.5327
rate 0.516085
rate 0.500963
rate 0.475092
rate 0.464545
rate 0.469051
rate 0.472006
rate 0.503927
rate 0.503705
rate 0.51865
rate 0.523313
rate 0.547215
rate 0.568916
rate 0.579396
rate 0.598508
rate 0.592052
rate 0.600641
rate 0.611603
rate 0.606366
rate 0.603779
rate 0.619514
rate 0.622138
rate 0.590715
rate 0.587594
rate 0.58789
rate 0.570453
rate 0.568781
rate 0.584366
rate 0.563618
rate 0.546526
rate 0.553507
rate 0.566295
rate 0.564605
rate 0.586631
rate 0.589261
rate 0.590584
rate 0.606359
rate 0.583672
rate 0.584697
rate 0.584051
rate 0.725187
rate 0.811727
rate 0.836269
rate 0.821023
rate 0.743201
rate 0.660032
rate 0.617072
rate 0.619214
rate 0.632818
rate 0.637185
rate 0.647179
rate 0.661377
rate 0.671561
rate 0.645591
rate 0.632324
rate 0.651828
rate 0.647666
rate 0.645847
rate 0.674459
rate 0.688771
rate 0.709702
rate 0.694805
rate 0.694984
rate 0.67103
rate 0.690278
rate 0.665688
rate 0.678831
rate 0.696496
rate 0.721946
rate 0.726285
rate 0.706955
rate 0.678951
rate 0.670349
rate 0.659103
rate 0.668723
rate 0.652486
rate 0.649705
rate 0.649399
rate 0.642797
rate 0.658413
rate 0.702175
rate 0.698496
rate 0.715576
rate 0.721755
rate 0.722687
rate 0.718532
rate 0.720374
rate 0.725339
rate 0.702583
rate 0.695358
rate 0.695826
rate 0.686009
rate 0.689851
rate 0.686743
rate 0.694871
rate 0.696884
rate 0.716416
rate 0.719502
rate 0.724562
rate 0.72688
rate 0.732121
rate 0.721793
rate 0.729829
rate 0.732048
rate 0.742656
rate 0.732503
rate 0.75351
rate 0.773434
rate 0.77313
rate 0.794156
rate 0.81099
rate 0.815683
rate 0.83172
rate 0.843625
rate 0.841184
rate 0.838512
rate 0.839042
rate 0.806514
rate 0.781047
rate 0.760407
rate 0.71951
rate 0.708866
rate 0.698195
rate 0.705401
rate 0.700281
rate 0.715056
rate 0.727171
rate 0.708446
rate 0.681304
rate 0.680616
rate 0.71225
rate 0.67355
rate 0.676471
rate 0.682082
rate 0.689924
rate 0.680726
rate 0.668076
rate 0.653336
rate 0.662422
rate 0.689737
rate 0.716833
rate 0.716254
rate 0.708358
rate 0.729449
rate 0.75238
rate 0.747702
rate 0.750394
rate 0.735012
rate 0.76813
rate 0.770808
rate 0.759524
rate 0.781877
rate 0.765021
rate 0.750112
rate 0.745101
rate 0.734443
rate 0.729467
rate 0.706776
rate 0.715858
rate 0.708992
rate 0.704498
rate 0.719192
rate 0.709802
rate 0.743577
rate 0.726501
rate 0.728377
rate 0.7236
rate 0.71953
rate 0.739591
rate 0.726843
rate 0.739551
rate 0.717181
rate 0.748356
rate 0.733436
rate 0.764004
rate 0.741659
rate 0.710369
rate 0.726763
rate 0.740095
rate 0.738311
rate 0.745372
rate 0.765358
rate 0.768822
rate 0.769351
rate 0.788309
rate 0.806254
rate 0.816904
rate 0.814543
rate 0.815617
rate 0.819768
rate 0.82895
rate 0.825358
rate 0.80954
rate 0.826326
rate 0.798946
rate 0.799728
rate 0.804242
rate 0.794965
rate 0.791175
rate 0.775411
rate 0.774756
rate 0.771112
rate 0.779849
rate 0.771243
rate 0.777802
rate 0.770824
rate 0.774273
rate 0.782938
rate 0.78666
rate 0.770731
rate 0.764096
rate 0.755695
rate 0.784666
rate 0.782564
rate 0.810365
rate 0.797745
rate 0.804793
rate 0.783584
rate 0.768176
rate 0.763858
rate 0.748268
rate 0.749935
rate 0.76024
rate 0.766342
rate 0.769399
rate 0.763547
rate 0.773232
rate 0.786979
rate 0.777577
rate 0.795816
rate 0.801471
rate 0.802192
rate 0.803739
rate 0.803326
rate 0.785889
rate 0.794466
rate 0.791758
rate 0.815792
rate 0.823393
rate 0.818757
rate 0.82401
rate 0.83461
rate 0.824295
rate 0.81729
rate 0.83097
rate 0.817883
rate 0.8111
rate 0.814247
rate 0.821319
rate 0.823928
rate 0.833647
rate 0.836255
rate 0.812908
rate 0.814573
rate 0.819295
rate 0.837347
rate 0.8302
rate 0.826574
rate 0.818778
rate 0.818614
rate 0.80002
rate 0.818214
rate 0.816943
rate 0.809166
rate 0.814432
rate 0.825392
rate 0.831213
rate 0.822385
rate 0.819338
rate 0.815271
rate 0.815467
rate 0.791979
rate 0.796876
rate 0.816479
rate 0.816351
rate 0.806521
rate 0.785404
rate 0.800845
rate 0.802772
rate 0.812188
rate 0.811648
rate 0.812239
rate 0.813104
rate 0.823726
rate 0.81587
rate 0.812075
rate 0.810151
rate 0.82289
rate 0.811731
rate 0.811707
rate 0.793312
rate 0.803215
rate 0.781845
rate 0.793377
rate 0.796665
rate 0.788295
rate 0.796561
rate 0.801839
rate 0.786041
rate 0.780796
rate 0.775705
rate 0.785453
rate 0.769422
rate 0.744648
rate 0.743278
rate 0.767615
rate 0.765422
rate 0.731315
rate 0.729767
rate 0.756539
rate 0.762165
rate 0.762527
rate 0.772544
rate 0.768021
rate 0.755032
rate 0.725807
rate 0.749312
rate 0.72334
rate 0.745007
rate 0.741171
rate 0.76576
rate 0.749946
rate 0.753958
rate 0.737179
rate 0.733976
rate 0.728815
rate 0.737557
rate 0.715333
rate 0.739958
rate 0.76883
rate 0.764936
rate 0.763298
rate 0.786422
rate 0.798411
rate 0.78352
rate 0.775523
rate 0.837979
rate 0.84866
rate 0.855933
rate 0.853606
rate 0.855503
rate 0.849647
rate 0.852854
rate 0.855785
rate 0.857142
rate 0.859352
rate 0.863367
rate 0.86874
rate 0.860558
rate 0.860452
rate 0.841694
rate 0.832416
rate 0.824701
rate 0.813318
rate 0.784371
rate 0.793565
rate 0.820726
rate 0.778578
rate 0.716852
rate 0.711238
rate 0.725193
rate 0.708181
rate 0.713625
rate 0.740461
rate 0.700845
rate 0.692003
rate 0.741094
rate 0.73326
rate 0.690226
rate 0.708418
rate 0.704405
rate 0.70549
rate 0.701202
rate 0.697339
rate 0.701496
rate 0.698785
rate 0.69614
rate 0.694393
rate 0.693952
rate 0.71439
rate 0.713935
rate 0.739923
rate 0.72826
rate 0.73919
rate 0.765022
rate 0.760171
rate 0.781714
rate 0.764377
rate 0.764292
rate 0.754853
rate 0.754308
rate 0.838836
rate 0.858057
rate 0.852477
rate 0.841867
rate 0.829886
rate 0.792245
rate 0.795176
rate 0.785578
rate 0.749607
rate 0.723343
rate 0.754263
rate 0.767913
rate 0.73204
rate 0.72634
rate 0.749328
rate 0.773952
rate 0.766892
rate 0.761495
rate 0.745329
rate 0.727055
rate 0.729654
rate 0.717237
rate 0.717237
rate 0.722043
rate 0.721373
rate 0.73758
rate 0.722853
rate 0.742908
rate 0.740293
rate 0.703378
rate 0.694221
rate 0.806368
rate 0.855817
rate 0.863969
rate 0.867636
rate 0.866947
rate 0.857683
rate 0.843282
rate 0.838006
rate 0.838695
rate 0.79749
rate 0.800907
rate 0.822747
rate 0.819927
rate 0.840669
rate 0.868815
rate 0.868086
rate 0.868233
rate 0.869921
rate 0.870519
rate 0.871622
rate 0.873106
rate 0.861807
rate 0.843258
rate 0.854841
rate 0.853014
rate 0.839541
rate 0.868467
rate 0.870595
rate 0.871769
rate 0.87461
rate 0.874476
13
0.989025   12.9016
0.989008   12.8948
0.988985   12.8367
0.988968   12.8072
0.988981   12.8097
0.988869   12.7768
0.98883   12.7743
0.988339   12.7467
0.988237   12.7455
0.987915   12.7223
0.987813   12.7198
0.987245   12.691
0.987262   12.6922
